<?xml version="1.0" encoding="UTF-8"?>
<!-- Generated by org.testng.reporters.JUnitReportReporter -->
<testsuite skipped="1" hostname="LAPTOP-UC8NRPBF" name="testcases.Loginclass" tests="3" failures="0" timestamp="10 Nov 2021 04:34:31 GMT" time="39.369" errors="0">
  <testcase name="thirdcase" time="18.039" classname="testcases.Loginclass"/>
  <testcase name="thirdcase" time="21.330" classname="testcases.Loginclass"/>
  <testcase name="secondcase" classname="testcases.Loginclass">
    <skipped/>
  </testcase> <!-- secondcase -->
</testsuite> <!-- testcases.Loginclass -->
